# JRE version: Java(TM) SE Runtime Environment (8.0_131-b11) (build 1.8.0_131-b11)
# Java VM: Java HotSpot(TM) 64-Bit Server VM (25.131-b11 mixed mode windows-amd64 compressed oops)
Heap:
 PSYoungGen      total 76288K, used 67758K [0x00000000f0000000, 0x00000000f5500000, 0x0000000100000000)
  eden space 65536K, 91% used [0x00000000f0000000,0x00000000f3aa60f0,0x00000000f4000000)
  from space 10752K, 71% used [0x00000000f4a80000,0x00000000f52058a8,0x00000000f5500000)
  to   space 10752K, 0% used [0x00000000f4000000,0x00000000f4000000,0x00000000f4a80000)
 ParOldGen       total 175104K, used 24K [0x00000000d0000000, 0x00000000dab00000, 0x00000000f0000000)
  object space 175104K, 0% used [0x00000000d0000000,0x00000000d0006000,0x00000000dab00000)
 Metaspace       used 15548K, capacity 15878K, committed 16128K, reserved 1062912K
  class space    used 1847K, capacity 1981K, committed 2048K, reserved 1048576K
GC Heap History (4 events):
Event: 1.006 GC heap before
{Heap before GC invocations=1 (full 0):
 PSYoungGen      total 76288K, used 65536K [0x00000000f0000000, 0x00000000f5500000, 0x0000000100000000)
  eden space 65536K, 100% used [0x00000000f0000000,0x00000000f4000000,0x00000000f4000000)
  from space 10752K, 0% used [0x00000000f4a80000,0x00000000f4a80000,0x00000000f5500000)
  to   space 10752K, 0% used [0x00000000f4000000,0x00000000f4000000,0x00000000f4a80000)
 ParOldGen       total 175104K, used 0K [0x00000000d0000000, 0x00000000dab00000, 0x00000000f0000000)
  object space 175104K, 0% used [0x00000000d0000000,0x00000000d0000000,0x00000000dab00000)
 Metaspace       used 12505K, capacity 12654K, committed 12928K, reserved 1060864K
  class space    used 1560K, capacity 1637K, committed 1664K, reserved 1048576K
Event: 1.017 GC heap after
Heap after GC invocations=1 (full 0):
 PSYoungGen      total 76288K, used 10668K [0x00000000f0000000, 0x00000000f5500000, 0x0000000100000000)
  eden space 65536K, 0% used [0x00000000f0000000,0x00000000f0000000,0x00000000f4000000)
  from space 10752K, 99% used [0x00000000f4000000,0x00000000f4a6b140,0x00000000f4a80000)
  to   space 10752K, 0% used [0x00000000f4a80000,0x00000000f4a80000,0x00000000f5500000)
 ParOldGen       total 175104K, used 16K [0x00000000d0000000, 0x00000000dab00000, 0x00000000f0000000)
  object space 175104K, 0% used [0x00000000d0000000,0x00000000d0004000,0x00000000dab00000)
 Metaspace       used 12505K, capacity 12654K, committed 12928K, reserved 1060864K
  class space    used 1560K, capacity 1637K, committed 1664K, reserved 1048576K
}
Event: 1.826 GC heap before
{Heap before GC invocations=2 (full 0):
 PSYoungGen      total 76288K, used 76204K [0x00000000f0000000, 0x00000000f5500000, 0x0000000100000000)
  eden space 65536K, 100% used [0x00000000f0000000,0x00000000f4000000,0x00000000f4000000)
  from space 10752K, 99% used [0x00000000f4000000,0x00000000f4a6b140,0x00000000f4a80000)
  to   space 10752K, 0% used [0x00000000f4a80000,0x00000000f4a80000,0x00000000f5500000)
 ParOldGen       total 175104K, used 16K [0x00000000d0000000, 0x00000000dab00000, 0x00000000f0000000)
  object space 175104K, 0% used [0x00000000d0000000,0x00000000d0004000,0x00000000dab00000)
 Metaspace       used 13737K, capacity 13950K, committed 14080K, reserved 1060864K
  class space    used 1647K, capacity 1741K, committed 1792K, reserved 1048576K
Event: 1.835 GC heap after
Heap after GC invocations=2 (full 0):
 PSYoungGen      total 76288K, used 7702K [0x00000000f0000000, 0x00000000f5500000, 0x0000000100000000)
  eden space 65536K, 0% used [0x00000000f0000000,0x00000000f0000000,0x00000000f4000000)
  from space 10752K, 71% used [0x00000000f4a80000,0x00000000f52058a8,0x00000000f5500000)
  to   space 10752K, 0% used [0x00000000f4000000,0x00000000f4000000,0x00000000f4a80000)
 ParOldGen       total 175104K, used 24K [0x00000000d0000000, 0x00000000dab00000, 0x00000000f0000000)
  object space 175104K, 0% used [0x00000000d0000000,0x00000000d0006000,0x00000000dab00000)
 Metaspace       used 13737K, capacity 13950K, committed 14080K, reserved 1060864K
  class space    used 1647K, capacity 1741K, committed 1792K, reserved 1048576K
}

